<?xml version="1.0" encoding="UTF-8"?>
<testsuite xmlns:xsi="http://www.w3.org/2001/XMLSchema-instance" xsi:noNamespaceSchemaLocation="https://maven.apache.org/surefire/maven-surefire-plugin/xsd/surefire-test-report.xsd" name="com.e3.AppTest" time="0.096" tests="1" errors="0" skipped="0" failures="0">
  <properties>
    <property name="sun.desktop" value="windows"/>
    <property name="awt.toolkit" value="sun.awt.windows.WToolkit"/>
    <property name="file.encoding.pkg" value="sun.io"/>
    <property name="java.specification.version" value="1.8"/>
    <property name="sun.cpu.isalist" value="amd64"/>
    <property name="sun.jnu.encoding" value="GBK"/>
    <property name="java.class.path" value="E:\mikey\e3\e3-service-content\target\test-classes;E:\mikey\e3\e3-service-content\target\classes;E:\mikey\e3\e3-api-content\target\e3-api-content-1.0-SNAPSHOT.jar;E:\mikey\e3\e3-common\target\e3-common-1.0-SNAPSHOT.jar;E:\mikey\repository\fastdfs_client\fastdfs_client\1.25\fastdfs_client-1.25.jar;E:\mikey\repository\javax\servlet\javax.servlet-api\3.1.0\javax.servlet-api-3.1.0.jar;E:\mikey\e3\e3-common-config\target\e3-common-config-1.0-SNAPSHOT.jar;E:\mikey\repository\junit\junit\4.12\junit-4.12.jar;E:\mikey\repository\org\hamcrest\hamcrest-core\1.3\hamcrest-core-1.3.jar;E:\mikey\repository\com\alibaba\dubbo\2.5.3\dubbo-2.5.3.jar;E:\mikey\repository\org\javassist\javassist\3.15.0-GA\javassist-3.15.0-GA.jar;E:\mikey\repository\org\jboss\netty\netty\3.2.5.Final\netty-3.2.5.Final.jar;E:\mikey\repository\org\apache\httpcomponents\httpclient\4.3.5\httpclient-4.3.5.jar;E:\mikey\repository\org\apache\httpcomponents\httpcore\4.3.2\httpcore-4.3.2.jar;E:\mikey\repository\commons-logging\commons-logging\1.1.3\commons-logging-1.1.3.jar;E:\mikey\repository\commons-codec\commons-codec\1.6\commons-codec-1.6.jar;E:\mikey\repository\com\101tec\zkclient\0.10\zkclient-0.10.jar;E:\mikey\repository\org\slf4j\slf4j-api\1.6.1\slf4j-api-1.6.1.jar;E:\mikey\repository\org\apache\zookeeper\zookeeper\3.4.8\zookeeper-3.4.8.jar;E:\mikey\repository\org\slf4j\slf4j-log4j12\1.6.1\slf4j-log4j12-1.6.1.jar;E:\mikey\repository\jline\jline\0.9.94\jline-0.9.94.jar;E:\mikey\repository\io\netty\netty\3.7.0.Final\netty-3.7.0.Final.jar;E:\mikey\repository\org\apache\commons\commons-lang3\3.3.2\commons-lang3-3.3.2.jar;E:\mikey\repository\commons-io\commons-io\1.3.2\commons-io-1.3.2.jar;E:\mikey\repository\commons-net\commons-net\3.3\commons-net-3.3.jar;E:\mikey\repository\org\springframework\spring-beans\4.3.7.RELEASE\spring-beans-4.3.7.RELEASE.jar;E:\mikey\repository\org\springframework\spring-web\4.3.7.RELEASE\spring-web-4.3.7.RELEASE.jar;E:\mikey\repository\org\springframework\spring-webmvc\4.3.7.RELEASE\spring-webmvc-4.3.7.RELEASE.jar;E:\mikey\repository\org\springframework\spring-context\4.3.7.RELEASE\spring-context-4.3.7.RELEASE.jar;E:\mikey\repository\org\springframework\spring-context-support\4.3.7.RELEASE\spring-context-support-4.3.7.RELEASE.jar;E:\mikey\repository\org\springframework\spring-core\4.3.7.RELEASE\spring-core-4.3.7.RELEASE.jar;E:\mikey\repository\org\springframework\spring-expression\4.3.7.RELEASE\spring-expression-4.3.7.RELEASE.jar;E:\mikey\repository\org\springframework\spring-aop\4.3.7.RELEASE\spring-aop-4.3.7.RELEASE.jar;E:\mikey\repository\org\springframework\spring-jdbc\4.3.7.RELEASE\spring-jdbc-4.3.7.RELEASE.jar;E:\mikey\repository\org\springframework\spring-tx\4.3.7.RELEASE\spring-tx-4.3.7.RELEASE.jar;E:\mikey\repository\org\springframework\spring-jms\4.3.7.RELEASE\spring-jms-4.3.7.RELEASE.jar;E:\mikey\repository\org\springframework\spring-messaging\4.3.7.RELEASE\spring-messaging-4.3.7.RELEASE.jar;E:\mikey\repository\org\apache\activemq\activemq-all\5.15.0\activemq-all-5.15.0.jar;E:\mikey\repository\org\aspectj\aspectjrt\1.8.10\aspectjrt-1.8.10.jar;E:\mikey\repository\org\aspectj\aspectjweaver\1.8.10\aspectjweaver-1.8.10.jar;E:\mikey\repository\org\mybatis\mybatis\3.4.4\mybatis-3.4.4.jar;E:\mikey\repository\org\mybatis\mybatis-spring\1.3.1\mybatis-spring-1.3.1.jar;E:\mikey\repository\com\fasterxml\jackson\core\jackson-annotations\2.8.7\jackson-annotations-2.8.7.jar;E:\mikey\repository\com\fasterxml\jackson\core\jackson-core\2.8.7\jackson-core-2.8.7.jar;E:\mikey\repository\com\fasterxml\jackson\core\jackson-databind\2.8.7\jackson-databind-2.8.7.jar;E:\mikey\repository\commons-fileupload\commons-fileupload\1.3.2\commons-fileupload-1.3.2.jar;E:\mikey\repository\com\github\miemiedev\mybatis-paginator\1.2.15\mybatis-paginator-1.2.15.jar;E:\mikey\repository\com\github\pagehelper\pagehelper\4.1.0\pagehelper-4.1.0.jar;E:\mikey\repository\com\github\jsqlparser\jsqlparser\0.9.4\jsqlparser-0.9.4.jar;E:\mikey\repository\com\alibaba\druid\1.0.29\druid-1.0.29.jar;C:\program1\java\jdk1.8.0_211\jre\..\lib\jconsole.jar;C:\program1\java\jdk1.8.0_211\jre\..\lib\tools.jar;E:\mikey\repository\log4j\log4j\1.2.17\log4j-1.2.17.jar;E:\mikey\repository\mysql\mysql-connector-java\5.1.42\mysql-connector-java-5.1.42.jar;E:\mikey\repository\org\apache\solr\solr-solrj\4.10.4\solr-solrj-4.10.4.jar;E:\mikey\repository\org\apache\httpcomponents\httpmime\4.3.1\httpmime-4.3.1.jar;E:\mikey\repository\org\codehaus\woodstox\wstx-asl\3.2.7\wstx-asl-3.2.7.jar;E:\mikey\repository\org\noggit\noggit\0.5\noggit-0.5.jar;E:\mikey\repository\redis\clients\jedis\2.9.0\jedis-2.9.0.jar;E:\mikey\repository\org\apache\commons\commons-pool2\2.4.2\commons-pool2-2.4.2.jar;E:\mikey\repository\org\freemarker\freemarker\2.3.26-incubating\freemarker-2.3.26-incubating.jar;E:\mikey\repository\org\quartz-scheduler\quartz\2.2.2\quartz-2.2.2.jar;E:\mikey\repository\c3p0\c3p0\0.9.1.1\c3p0-0.9.1.1.jar;"/>
    <property name="java.vm.vendor" value="Oracle Corporation"/>
    <property name="sun.arch.data.model" value="64"/>
    <property name="user.variant" value=""/>
    <property name="java.vendor.url" value="http://java.oracle.com/"/>
    <property name="user.timezone" value="Asia/Shanghai"/>
    <property name="java.vm.specification.version" value="1.8"/>
    <property name="os.name" value="Windows 10"/>
    <property name="user.country" value="CN"/>
    <property name="sun.java.launcher" value="SUN_STANDARD"/>
    <property name="sun.boot.library.path" value="C:\program1\java\jdk1.8.0_211\jre\bin"/>
    <property name="sun.java.command" value="C:\Users\Miki\AppData\Local\Temp\surefire8304650521094383372\surefirebooter7706856252889792137.jar C:\Users\Miki\AppData\Local\Temp\surefire8304650521094383372 2019-04-20T19-55-00_371-jvmRun1 surefire8750986571009852151tmp surefire_82856171332510550384tmp"/>
    <property name="surefire.test.class.path" value="E:\mikey\e3\e3-service-content\target\test-classes;E:\mikey\e3\e3-service-content\target\classes;E:\mikey\e3\e3-api-content\target\e3-api-content-1.0-SNAPSHOT.jar;E:\mikey\e3\e3-common\target\e3-common-1.0-SNAPSHOT.jar;E:\mikey\repository\fastdfs_client\fastdfs_client\1.25\fastdfs_client-1.25.jar;E:\mikey\repository\javax\servlet\javax.servlet-api\3.1.0\javax.servlet-api-3.1.0.jar;E:\mikey\e3\e3-common-config\target\e3-common-config-1.0-SNAPSHOT.jar;E:\mikey\repository\junit\junit\4.12\junit-4.12.jar;E:\mikey\repository\org\hamcrest\hamcrest-core\1.3\hamcrest-core-1.3.jar;E:\mikey\repository\com\alibaba\dubbo\2.5.3\dubbo-2.5.3.jar;E:\mikey\repository\org\javassist\javassist\3.15.0-GA\javassist-3.15.0-GA.jar;E:\mikey\repository\org\jboss\netty\netty\3.2.5.Final\netty-3.2.5.Final.jar;E:\mikey\repository\org\apache\httpcomponents\httpclient\4.3.5\httpclient-4.3.5.jar;E:\mikey\repository\org\apache\httpcomponents\httpcore\4.3.2\httpcore-4.3.2.jar;E:\mikey\repository\commons-logging\commons-logging\1.1.3\commons-logging-1.1.3.jar;E:\mikey\repository\commons-codec\commons-codec\1.6\commons-codec-1.6.jar;E:\mikey\repository\com\101tec\zkclient\0.10\zkclient-0.10.jar;E:\mikey\repository\org\slf4j\slf4j-api\1.6.1\slf4j-api-1.6.1.jar;E:\mikey\repository\org\apache\zookeeper\zookeeper\3.4.8\zookeeper-3.4.8.jar;E:\mikey\repository\org\slf4j\slf4j-log4j12\1.6.1\slf4j-log4j12-1.6.1.jar;E:\mikey\repository\jline\jline\0.9.94\jline-0.9.94.jar;E:\mikey\repository\io\netty\netty\3.7.0.Final\netty-3.7.0.Final.jar;E:\mikey\repository\org\apache\commons\commons-lang3\3.3.2\commons-lang3-3.3.2.jar;E:\mikey\repository\commons-io\commons-io\1.3.2\commons-io-1.3.2.jar;E:\mikey\repository\commons-net\commons-net\3.3\commons-net-3.3.jar;E:\mikey\repository\org\springframework\spring-beans\4.3.7.RELEASE\spring-beans-4.3.7.RELEASE.jar;E:\mikey\repository\org\springframework\spring-web\4.3.7.RELEASE\spring-web-4.3.7.RELEASE.jar;E:\mikey\repository\org\springframework\spring-webmvc\4.3.7.RELEASE\spring-webmvc-4.3.7.RELEASE.jar;E:\mikey\repository\org\springframework\spring-context\4.3.7.RELEASE\spring-context-4.3.7.RELEASE.jar;E:\mikey\repository\org\springframework\spring-context-support\4.3.7.RELEASE\spring-context-support-4.3.7.RELEASE.jar;E:\mikey\repository\org\springframework\spring-core\4.3.7.RELEASE\spring-core-4.3.7.RELEASE.jar;E:\mikey\repository\org\springframework\spring-expression\4.3.7.RELEASE\spring-expression-4.3.7.RELEASE.jar;E:\mikey\repository\org\springframework\spring-aop\4.3.7.RELEASE\spring-aop-4.3.7.RELEASE.jar;E:\mikey\repository\org\springframework\spring-jdbc\4.3.7.RELEASE\spring-jdbc-4.3.7.RELEASE.jar;E:\mikey\repository\org\springframework\spring-tx\4.3.7.RELEASE\spring-tx-4.3.7.RELEASE.jar;E:\mikey\repository\org\springframework\spring-jms\4.3.7.RELEASE\spring-jms-4.3.7.RELEASE.jar;E:\mikey\repository\org\springframework\spring-messaging\4.3.7.RELEASE\spring-messaging-4.3.7.RELEASE.jar;E:\mikey\repository\org\apache\activemq\activemq-all\5.15.0\activemq-all-5.15.0.jar;E:\mikey\repository\org\aspectj\aspectjrt\1.8.10\aspectjrt-1.8.10.jar;E:\mikey\repository\org\aspectj\aspectjweaver\1.8.10\aspectjweaver-1.8.10.jar;E:\mikey\repository\org\mybatis\mybatis\3.4.4\mybatis-3.4.4.jar;E:\mikey\repository\org\mybatis\mybatis-spring\1.3.1\mybatis-spring-1.3.1.jar;E:\mikey\repository\com\fasterxml\jackson\core\jackson-annotations\2.8.7\jackson-annotations-2.8.7.jar;E:\mikey\repository\com\fasterxml\jackson\core\jackson-core\2.8.7\jackson-core-2.8.7.jar;E:\mikey\repository\com\fasterxml\jackson\core\jackson-databind\2.8.7\jackson-databind-2.8.7.jar;E:\mikey\repository\commons-fileupload\commons-fileupload\1.3.2\commons-fileupload-1.3.2.jar;E:\mikey\repository\com\github\miemiedev\mybatis-paginator\1.2.15\mybatis-paginator-1.2.15.jar;E:\mikey\repository\com\github\pagehelper\pagehelper\4.1.0\pagehelper-4.1.0.jar;E:\mikey\repository\com\github\jsqlparser\jsqlparser\0.9.4\jsqlparser-0.9.4.jar;E:\mikey\repository\com\alibaba\druid\1.0.29\druid-1.0.29.jar;C:\program1\java\jdk1.8.0_211\jre\..\lib\jconsole.jar;C:\program1\java\jdk1.8.0_211\jre\..\lib\tools.jar;E:\mikey\repository\log4j\log4j\1.2.17\log4j-1.2.17.jar;E:\mikey\repository\mysql\mysql-connector-java\5.1.42\mysql-connector-java-5.1.42.jar;E:\mikey\repository\org\apache\solr\solr-solrj\4.10.4\solr-solrj-4.10.4.jar;E:\mikey\repository\org\apache\httpcomponents\httpmime\4.3.1\httpmime-4.3.1.jar;E:\mikey\repository\org\codehaus\woodstox\wstx-asl\3.2.7\wstx-asl-3.2.7.jar;E:\mikey\repository\org\noggit\noggit\0.5\noggit-0.5.jar;E:\mikey\repository\redis\clients\jedis\2.9.0\jedis-2.9.0.jar;E:\mikey\repository\org\apache\commons\commons-pool2\2.4.2\commons-pool2-2.4.2.jar;E:\mikey\repository\org\freemarker\freemarker\2.3.26-incubating\freemarker-2.3.26-incubating.jar;E:\mikey\repository\org\quartz-scheduler\quartz\2.2.2\quartz-2.2.2.jar;E:\mikey\repository\c3p0\c3p0\0.9.1.1\c3p0-0.9.1.1.jar;"/>
    <property name="sun.cpu.endian" value="little"/>
    <property name="user.home" value="C:\Users\Miki"/>
    <property name="user.language" value="zh"/>
    <property name="java.specification.vendor" value="Oracle Corporation"/>
    <property name="java.home" value="C:\program1\java\jdk1.8.0_211\jre"/>
    <property name="basedir" value="E:\mikey\e3\e3-service-content"/>
    <property name="file.separator" value="\"/>
    <property name="line.separator" value="&#10;"/>
    <property name="java.vm.specification.vendor" value="Oracle Corporation"/>
    <property name="java.specification.name" value="Java Platform API Specification"/>
    <property name="java.awt.graphicsenv" value="sun.awt.Win32GraphicsEnvironment"/>
    <property name="surefire.real.class.path" value="C:\Users\Miki\AppData\Local\Temp\surefire8304650521094383372\surefirebooter7706856252889792137.jar"/>
    <property name="sun.boot.class.path" value="C:\program1\java\jdk1.8.0_211\jre\lib\resources.jar;C:\program1\java\jdk1.8.0_211\jre\lib\rt.jar;C:\program1\java\jdk1.8.0_211\jre\lib\sunrsasign.jar;C:\program1\java\jdk1.8.0_211\jre\lib\jsse.jar;C:\program1\java\jdk1.8.0_211\jre\lib\jce.jar;C:\program1\java\jdk1.8.0_211\jre\lib\charsets.jar;C:\program1\java\jdk1.8.0_211\jre\lib\jfr.jar;C:\program1\java\jdk1.8.0_211\jre\classes"/>
    <property name="user.script" value=""/>
    <property name="sun.management.compiler" value="HotSpot 64-Bit Tiered Compilers"/>
    <property name="java.runtime.version" value="1.8.0_211-b12"/>
    <property name="user.name" value="Miki"/>
    <property name="path.separator" value=";"/>
    <property name="os.version" value="10.0"/>
    <property name="java.endorsed.dirs" value="C:\program1\java\jdk1.8.0_211\jre\lib\endorsed"/>
    <property name="java.runtime.name" value="Java(TM) SE Runtime Environment"/>
    <property name="file.encoding" value="GBK"/>
    <property name="java.vm.name" value="Java HotSpot(TM) 64-Bit Server VM"/>
    <property name="localRepository" value="E:\mikey\repository"/>
    <property name="java.vendor.url.bug" value="http://bugreport.sun.com/bugreport/"/>
    <property name="java.io.tmpdir" value="C:\Users\Miki\AppData\Local\Temp\"/>
    <property name="java.version" value="1.8.0_211"/>
    <property name="user.dir" value="E:\mikey\e3\e3-service-content"/>
    <property name="os.arch" value="amd64"/>
    <property name="java.vm.specification.name" value="Java Virtual Machine Specification"/>
    <property name="java.awt.printerjob" value="sun.awt.windows.WPrinterJob"/>
    <property name="sun.os.patch.level" value=""/>
    <property name="idea.version2019.1.1" value="true"/>
    <property name="java.library.path" value="C:\program1\java\jdk1.8.0_211\jre\bin;C:\Windows\Sun\Java\bin;C:\Windows\system32;C:\Windows;D:\Mysql\mysql-5.6.43-winx64\bin;D:\apache-maven-3.6.1\bin\;C:\program1\java\jdk1.8.0_211\bin\;C:\Windows\system32;C:\Windows;C:\Windows\System32\Wbem;C:\Windows\System32\WindowsPowerShell\v1.0\;C:\Windows\System32\OpenSSH\;F:\MyDownloads\Download\Git\cmd;F:\MyDownloads\Download\bin;C:\Users\Miki\AppData\Local\Microsoft\WindowsApps;;."/>
    <property name="java.vm.info" value="mixed mode"/>
    <property name="java.vendor" value="Oracle Corporation"/>
    <property name="java.vm.version" value="25.211-b12"/>
    <property name="java.ext.dirs" value="C:\program1\java\jdk1.8.0_211\jre\lib\ext;C:\Windows\Sun\Java\lib\ext"/>
    <property name="sun.io.unicode.encoding" value="UnicodeLittle"/>
    <property name="maven.repo.local" value="E:\mikey\repository"/>
    <property name="java.class.version" value="52.0"/>
  </properties>
  <testcase name="shouldAnswerWithTrue" classname="com.e3.AppTest" time="0"/>
</testsuite>